Build started 17.01.2013 12:28:26.
     1>Project "C:\Users\Dominik\Documents\GitHub\KoRE\core\core.vcxproj" on node 2 (build target(s)).
     1>InitializeBuildStatus:
         Creating "C:\Users\Dominik\Documents\GitHub\KoRE\core\obj\core.unsuccessfulbuild" because "AlwaysCreate" was specified.
       PreBuildEvent:
         Description: cpplint google style
         for %%f in ("C:\Users\Dominik\Documents\GitHub\KoRE\core\include\core\*.*") do (
           python "C:\Users\Dominik\Documents\GitHub\KoRE\scripts\cpplint.py" "%%f"
         );
         for %%f in ("C:\Users\Dominik\Documents\GitHub\KoRE\core\src\*.*") do (
           python "C:\Users\Dominik\Documents\GitHub\KoRE\scripts\cpplint.py" "%%f"
         )
         :VCEnd
         C:\Users\Dominik\Documents\GitHub\KoRE\core\include\core\camera.h:24:  #ifndef header guard has wrong style, please use: CORE_INCLUDE_CORE_CAMERA_H_  [build/header_guard] [5]
         C:\Users\Dominik\Documents\GitHub\KoRE\core\include\core\camera.h:121:  #endif line should be "#endif  // CORE_INCLUDE_CORE_CAMERA_H_"  [build/header_guard] [5]
         C:\Users\Dominik\Documents\GitHub\KoRE\core\include\core\camera.h:32:  Labels should always be indented at least one space.  If this is a member-initializer list in a constructor or the base class list in a class definition, the colon should be on the following line.  [whitespace/labels] [4]
         Done processing C:\Users\Dominik\Documents\GitHub\KoRE\core\include\core\camera.h
         Total errors found: 3
         C:\Users\Dominik\Documents\GitHub\KoRE\core\include\core\common.h:19:  #ifndef header guard has wrong style, please use: CORE_INCLUDE_CORE_COMMON_H_  [build/header_guard] [5]
         C:\Users\Dominik\Documents\GitHub\KoRE\core\include\core\common.h:52:  #endif line should be "#endif  // CORE_INCLUDE_CORE_COMMON_H_"  [build/header_guard] [5]
         C:\Users\Dominik\Documents\GitHub\KoRE\core\include\core\common.h:48:  More than one command on the same line  [whitespace/newline] [4]
         Done processing C:\Users\Dominik\Documents\GitHub\KoRE\core\include\core\common.h
         Total errors found: 3
         C:\Users\Dominik\Documents\GitHub\KoRE\core\include\core\datatypes.h:20:  #ifndef header guard has wrong style, please use: CORE_INCLUDE_CORE_DATATYPES_H_  [build/header_guard] [5]
         C:\Users\Dominik\Documents\GitHub\KoRE\core\include\core\datatypes.h:43:  #endif line should be "#endif  // CORE_INCLUDE_CORE_DATATYPES_H_"  [build/header_guard] [5]
         Done processing C:\Users\Dominik\Documents\GitHub\KoRE\core\include\core\datatypes.h
         Total errors found: 2
         C:\Users\Dominik\Documents\GitHub\KoRE\core\include\core\kore.h:20:  #ifndef header guard has wrong style, please use: CORE_INCLUDE_CORE_KORE_H_  [build/header_guard] [5]
         C:\Users\Dominik\Documents\GitHub\KoRE\core\include\core\kore.h:35:  #endif line should be "#endif  // CORE_INCLUDE_CORE_KORE_H_"  [build/header_guard] [5]
         Done processing C:\Users\Dominik\Documents\GitHub\KoRE\core\include\core\kore.h
         Total errors found: 2
         C:\Users\Dominik\Documents\GitHub\KoRE\core\include\core\log.h:20:  #ifndef header guard has wrong style, please use: CORE_INCLUDE_CORE_LOG_H_  [build/header_guard] [5]
         C:\Users\Dominik\Documents\GitHub\KoRE\core\include\core\log.h:36:  #endif line should be "#endif  // CORE_INCLUDE_CORE_LOG_H_"  [build/header_guard] [5]
         Done processing C:\Users\Dominik\Documents\GitHub\KoRE\core\include\core\log.h
         Total errors found: 2
         C:\Users\Dominik\Documents\GitHub\KoRE\core\include\core\mesh.h:20:  #ifndef header guard has wrong style, please use: CORE_INCLUDE_CORE_MESH_H_  [build/header_guard] [5]
         C:\Users\Dominik\Documents\GitHub\KoRE\core\include\core\mesh.h:59:  #endif line should be "#endif  // CORE_INCLUDE_CORE_MESH_H_"  [build/header_guard] [5]
         Done processing C:\Users\Dominik\Documents\GitHub\KoRE\core\include\core\mesh.h
         Total errors found: 2
         C:\Users\Dominik\Documents\GitHub\KoRE\core\include\core\meshloader.h:20:  #ifndef header guard has wrong style, please use: CORE_INCLUDE_CORE_MESHLOADER_H_  [build/header_guard] [5]
         C:\Users\Dominik\Documents\GitHub\KoRE\core\include\core\meshloader.h:63:  #endif line should be "#endif  // CORE_INCLUDE_CORE_MESHLOADER_H_"  [build/header_guard] [5]
         C:\Users\Dominik\Documents\GitHub\KoRE\core\include\core\meshloader.h:38:  "private:" should be preceded by a blank line  [whitespace/blank_line] [3]
         C:\Users\Dominik\Documents\GitHub\KoRE\core\include\core\meshloader.h:37:  Add #include <string> for string  [build/include_what_you_use] [4]
         Done processing C:\Users\Dominik\Documents\GitHub\KoRE\core\include\core\meshloader.h
         Total errors found: 4
         C:\Users\Dominik\Documents\GitHub\KoRE\core\include\core\meshrendercomponent.h:20:  #ifndef header guard has wrong style, please use: CORE_INCLUDE_CORE_MESHRENDERCOMPONENT_H_  [build/header_guard] [5]
         C:\Users\Dominik\Documents\GitHub\KoRE\core\include\core\meshrendercomponent.h:33:  #endif line should be "#endif  // CORE_INCLUDE_CORE_MESHRENDERCOMPONENT_H_"  [build/header_guard] [5]
         Done processing C:\Users\Dominik\Documents\GitHub\KoRE\core\include\core\meshrendercomponent.h
         Total errors found: 2
         C:\Users\Dominik\Documents\GitHub\KoRE\core\include\core\operation.h:20:  #ifndef header guard has wrong style, please use: CORE_INCLUDE_CORE_OPERATION_H_  [build/header_guard] [5]
         C:\Users\Dominik\Documents\GitHub\KoRE\core\include\core\operation.h:31:  #endif line should be "#endif  // CORE_INCLUDE_CORE_OPERATION_H_"  [build/header_guard] [5]
         C:\Users\Dominik\Documents\GitHub\KoRE\core\include\core\operation.h:24:  The class Operation probably needs a virtual destructor due to having virtual method(s), one declared at line 28.  [runtime/virtual] [4]
         Done processing C:\Users\Dominik\Documents\GitHub\KoRE\core\include\core\operation.h
         Total errors found: 3
         C:\Users\Dominik\Documents\GitHub\KoRE\core\include\core\rendermanager.h:20:  #ifndef header guard has wrong style, please use: CORE_INCLUDE_CORE_RENDERMANAGER_H_  [build/header_guard] [5]
         C:\Users\Dominik\Documents\GitHub\KoRE\core\include\core\rendermanager.h:48:  #endif line should be "#endif  // CORE_INCLUDE_CORE_RENDERMANAGER_H_"  [build/header_guard] [5]
         C:\Users\Dominik\Documents\GitHub\KoRE\core\include\core\rendermanager.h:36:  Extra space before )  [whitespace/parens] [2]
         Done processing C:\Users\Dominik\Documents\GitHub\KoRE\core\include\core\rendermanager.h
         Total errors found: 3
         C:\Users\Dominik\Documents\GitHub\KoRE\core\include\core\resourcemanager.h:20:  #ifndef header guard has wrong style, please use: CORE_INCLUDE_CORE_RESOURCEMANAGER_H_  [build/header_guard] [5]
         C:\Users\Dominik\Documents\GitHub\KoRE\core\include\core\resourcemanager.h:44:  #endif line should be "#endif  // CORE_INCLUDE_CORE_RESOURCEMANAGER_H_"  [build/header_guard] [5]
         C:\Users\Dominik\Documents\GitHub\KoRE\core\include\core\resourcemanager.h:39:  Add #include <string> for string  [build/include_what_you_use] [4]
         C:\Users\Dominik\Documents\GitHub\KoRE\core\include\core\resourcemanager.h:41:  Add #include <vector> for vector<>  [build/include_what_you_use] [4]
         Done processing C:\Users\Dominik\Documents\GitHub\KoRE\core\include\core\resourcemanager.h
         Total errors found: 4
         C:\Users\Dominik\Documents\GitHub\KoRE\core\include\core\scenemanager.h:20:  #ifndef header guard has wrong style, please use: CORE_INCLUDE_CORE_SCENEMANAGER_H_  [build/header_guard] [5]
         C:\Users\Dominik\Documents\GitHub\KoRE\core\include\core\scenemanager.h:39:  #endif line should be "#endif  // CORE_INCLUDE_CORE_SCENEMANAGER_H_"  [build/header_guard] [5]
         Done processing C:\Users\Dominik\Documents\GitHub\KoRE\core\include\core\scenemanager.h
         Total errors found: 2
         C:\Users\Dominik\Documents\GitHub\KoRE\core\include\core\scenenode.h:20:  #ifndef header guard has wrong style, please use: CORE_INCLUDE_CORE_SCENENODE_H_  [build/header_guard] [5]
         C:\Users\Dominik\Documents\GitHub\KoRE\core\include\core\scenenode.h:53:  #endif line should be "#endif  // CORE_INCLUDE_CORE_SCENENODE_H_"  [build/header_guard] [5]
         Done processing C:\Users\Dominik\Documents\GitHub\KoRE\core\include\core\scenenode.h
         Total errors found: 2
         C:\Users\Dominik\Documents\GitHub\KoRE\core\include\core\scenenodecomponent.h:20:  #ifndef header guard has wrong style, please use: CORE_INCLUDE_CORE_SCENENODECOMPONENT_H_  [build/header_guard] [5]
         C:\Users\Dominik\Documents\GitHub\KoRE\core\include\core\scenenodecomponent.h:37:  #endif line should be "#endif  // CORE_INCLUDE_CORE_SCENENODECOMPONENT_H_"  [build/header_guard] [5]
         Done processing C:\Users\Dominik\Documents\GitHub\KoRE\core\include\core\scenenodecomponent.h
         Total errors found: 2
         C:\Users\Dominik\Documents\GitHub\KoRE\core\include\core\shader.h:20:  #ifndef header guard has wrong style, please use: CORE_INCLUDE_CORE_SHADER_H_  [build/header_guard] [5]
         C:\Users\Dominik\Documents\GitHub\KoRE\core\include\core\shader.h:66:  #endif line should be "#endif  // CORE_INCLUDE_CORE_SHADER_H_"  [build/header_guard] [5]
         Done processing C:\Users\Dominik\Documents\GitHub\KoRE\core\include\core\shader.h
         Total errors found: 2
         C:\Users\Dominik\Documents\GitHub\KoRE\core\include\core\stdafx.h:20:  #ifndef header guard has wrong style, please use: CORE_INCLUDE_CORE_STDAFX_H_  [build/header_guard] [5]
         C:\Users\Dominik\Documents\GitHub\KoRE\core\include\core\stdafx.h:23:  #endif line should be "#endif  // CORE_INCLUDE_CORE_STDAFX_H_"  [build/header_guard] [5]
         Done processing C:\Users\Dominik\Documents\GitHub\KoRE\core\include\core\stdafx.h
         Total errors found: 2
         C:\Users\Dominik\Documents\GitHub\KoRE\core\include\core\transform.h:20:  #ifndef header guard has wrong style, please use: CORE_INCLUDE_CORE_TRANSFORM_H_  [build/header_guard] [5]
         C:\Users\Dominik\Documents\GitHub\KoRE\core\include\core\transform.h:33:  #endif line should be "#endif  // CORE_INCLUDE_CORE_TRANSFORM_H_"  [build/header_guard] [5]
         Done processing C:\Users\Dominik\Documents\GitHub\KoRE\core\include\core\transform.h
         Total errors found: 2
         Done processing C:\Users\Dominik\Documents\GitHub\KoRE\core\src\camera.cpp
         Total errors found: 0
         Done processing C:\Users\Dominik\Documents\GitHub\KoRE\core\src\datatypes.cpp
         Total errors found: 0
         C:\Users\Dominik\Documents\GitHub\KoRE\core\src\log.cpp:42:  Consider using ctime_r(...) instead of ctime(...) for improved thread safety.  [runtime/threadsafe_fn] [2]
         Done processing C:\Users\Dominik\Documents\GitHub\KoRE\core\src\log.cpp
         Total errors found: 1
         C:\Users\Dominik\Documents\GitHub\KoRE\core\src\mesh.cpp:71:  Tab found; better to use spaces  [whitespace/tab] [1]
         Done processing C:\Users\Dominik\Documents\GitHub\KoRE\core\src\mesh.cpp
         Total errors found: 1
         C:\Users\Dominik\Documents\GitHub\KoRE\core\src\meshloader.cpp:180:  Never use sprintf.  Use snprintf instead.  [runtime/printf] [5]
         C:\Users\Dominik\Documents\GitHub\KoRE\core\src\meshloader.cpp:215:  Never use sprintf.  Use snprintf instead.  [runtime/printf] [5]
         C:\Users\Dominik\Documents\GitHub\KoRE\core\src\meshloader.cpp:216:  Add #include <string> for string  [build/include_what_you_use] [4]
         Done processing C:\Users\Dominik\Documents\GitHub\KoRE\core\src\meshloader.cpp
         Total errors found: 3
         C:\Users\Dominik\Documents\GitHub\KoRE\core\src\rendermanager.cpp:73:  Lines should very rarely be longer than 100 characters  [whitespace/line_length] [4]
         C:\Users\Dominik\Documents\GitHub\KoRE\core\src\rendermanager.cpp:74:  If an else has a brace on one side, it should have it on both  [readability/braces] [5]
         Done processing C:\Users\Dominik\Documents\GitHub\KoRE\core\src\rendermanager.cpp
         Total errors found: 2
         Done processing C:\Users\Dominik\Documents\GitHub\KoRE\core\src\resourcemanager.cpp
         Total errors found: 0
         Done processing C:\Users\Dominik\Documents\GitHub\KoRE\core\src\scenemanager.cpp
         Total errors found: 0
         C:\Users\Dominik\Documents\GitHub\KoRE\core\src\scenenode.cpp:71:  Missing spaces around <  [whitespace/operators] [3]
         C:\Users\Dominik\Documents\GitHub\KoRE\core\src\scenenode.cpp:43:  Add #include <vector> for vector<>  [build/include_what_you_use] [4]
         Done processing C:\Users\Dominik\Documents\GitHub\KoRE\core\src\scenenode.cpp
         Total errors found: 2
         Done processing C:\Users\Dominik\Documents\GitHub\KoRE\core\src\shader.cpp
         Total errors found: 0
         Done processing C:\Users\Dominik\Documents\GitHub\KoRE\core\src\stdafx.cpp
         Total errors found: 0
       ClCompile:
         C:\Program Files (x86)\Microsoft Visual Studio 10.0\VC\bin\CL.exe /c /I../include/core /I../ext/include /I../include /ZI /nologo /W3 /WX- /Od /Oy- /D WIN32 /D _DEBUG /D _LIB /D _CRT_SECURE_NO_WARNINGS /D _UNICODE /D UNICODE /Gm /EHsc /RTC1 /MDd /GS /fp:precise /Zc:wchar_t /Zc:forScope /Fo"C:\Users\Dominik\Documents\GitHub\KoRE\core\obj\\" /Fd"C:\Users\Dominik\Documents\GitHub\KoRE\core\obj\vc100.pdb" /Gd /TP /FIstdafx.h /analyze- /errorReport:prompt src\camera.cpp src\datatypes.cpp src\log.cpp src\mesh.cpp src\meshloader.cpp src\rendermanager.cpp src\resourcemanager.cpp src\scenemanager.cpp src\scenenode.cpp src\shader.cpp src\stdafx.cpp
         stdafx.cpp
     1>c:\users\dominik\documents\github\kore\core\src\stdafx.cpp : fatal error C1083: Cannot open include file: 'stdafx.h': No such file or directory
         shader.cpp
     1>c:\users\dominik\documents\github\kore\core\src\shader.cpp : fatal error C1083: Cannot open include file: 'stdafx.h': No such file or directory
         scenenode.cpp
     1>c:\users\dominik\documents\github\kore\core\src\scenenode.cpp : fatal error C1083: Cannot open include file: 'stdafx.h': No such file or directory
         scenemanager.cpp
     1>c:\users\dominik\documents\github\kore\core\src\scenemanager.cpp : fatal error C1083: Cannot open include file: 'stdafx.h': No such file or directory
         resourcemanager.cpp
     1>c:\users\dominik\documents\github\kore\core\src\resourcemanager.cpp : fatal error C1083: Cannot open include file: 'stdafx.h': No such file or directory
         rendermanager.cpp
     1>c:\users\dominik\documents\github\kore\core\src\rendermanager.cpp : fatal error C1083: Cannot open include file: 'stdafx.h': No such file or directory
         meshloader.cpp
     1>c:\users\dominik\documents\github\kore\core\src\meshloader.cpp : fatal error C1083: Cannot open include file: 'stdafx.h': No such file or directory
         mesh.cpp
     1>c:\users\dominik\documents\github\kore\core\src\mesh.cpp : fatal error C1083: Cannot open include file: 'stdafx.h': No such file or directory
         log.cpp
     1>c:\users\dominik\documents\github\kore\core\src\log.cpp : fatal error C1083: Cannot open include file: 'stdafx.h': No such file or directory
         datatypes.cpp
     1>c:\users\dominik\documents\github\kore\core\src\datatypes.cpp : fatal error C1083: Cannot open include file: 'stdafx.h': No such file or directory
         camera.cpp
     1>c:\users\dominik\documents\github\kore\core\src\camera.cpp : fatal error C1083: Cannot open include file: 'stdafx.h': No such file or directory
         Generating Code...
     1>Done Building Project "C:\Users\Dominik\Documents\GitHub\KoRE\core\core.vcxproj" (build target(s)) -- FAILED.

Build FAILED.

Time Elapsed 00:00:07.51
